0 info it worked if it ends with ok
1 verbose cli [ 'node', '/usr/bin/npm', 'start' ]
2 info using npm@2.1.16
3 info using node@v0.10.35
4 verbose node symlink /usr/bin/node
5 verbose stack Error: missing script: start
5 verbose stack     at run (/usr/lib/node_modules/npm/lib/run-script.js:130:19)
5 verbose stack     at /usr/lib/node_modules/npm/lib/run-script.js:81:5
5 verbose stack     at /usr/lib/node_modules/npm/node_modules/read-package-json/read-json.js:51:40
5 verbose stack     at final (/usr/lib/node_modules/npm/node_modules/read-package-json/read-json.js:349:17)
5 verbose stack     at then (/usr/lib/node_modules/npm/node_modules/read-package-json/read-json.js:126:33)
5 verbose stack     at /usr/lib/node_modules/npm/node_modules/read-package-json/read-json.js:331:40
5 verbose stack     at evalmachine.<anonymous>:272:14
5 verbose stack     at /usr/lib/node_modules/npm/node_modules/graceful-fs/graceful-fs.js:102:5
5 verbose stack     at Object.oncomplete (evalmachine.<anonymous>:108:15)
6 verbose cwd /home/durumi/dev/mytodo
7 error Linux 3.13.0-44-generic
8 error argv "node" "/usr/bin/npm" "start"
9 error node v0.10.35
10 error npm  v2.1.16
11 error missing script: start
12 error If you need help, you may report this error at:
12 error     <http://github.com/npm/npm/issues>
13 verbose exit [ 1, true ]
